<?xml version="1.0" encoding="UTF-8"?>
<!-- Generated by org.testng.reporters.JUnitReportReporter -->
<testsuite skipped="0" hostname="SERVERROOM" name="Tests.LoginTest" tests="2" failures="0" timestamp="2021-12-24T14:04:30 IST" time="18.600" errors="0">
  <testcase name="navigate" time="9.166" classname="Tests.LoginTest"/>
  <system-out/>
  <testcase name="login" time="9.434" classname="Tests.LoginTest"/>
  <system-out/>
</testsuite> <!-- Tests.LoginTest -->
